<?xml version="1.0" encoding="UTF-8"?>
<!-- Generated by org.testng.reporters.JUnitReportReporter -->
<testsuite hostname="CBIT01925.local" failures="0" tests="4" name="session7.AttributesPriority" time="0.010" errors="0" timestamp="2021-09-07T08:00:20 IST" skipped="0">
  <testcase classname="session7.AttributesPriority" name="test4" time="0.007"/>
  <system-out/>
  <testcase classname="session7.AttributesPriority" name="test1" time="0.001"/>
  <system-out/>
  <testcase classname="session7.AttributesPriority" name="test3" time="0.001"/>
  <system-out/>
  <testcase classname="session7.AttributesPriority" name="test2" time="0.001"/>
  <system-out/>
</testsuite> <!-- session7.AttributesPriority -->
