<?xml version="1.0" encoding="UTF-8"?>
<!-- Generated by org.testng.reporters.JUnitReportReporter -->
<testsuite hostname="CBIT01925.local" failures="0" tests="4" name="session7.DependsonMethods_cw" time="0.011" errors="0" timestamp="2022-02-17T08:14:17 IST" skipped="1">
  <testcase classname="session7.DependsonMethods_cw" name="test2" time="0.008"/>
  <system-out/>
  <testcase classname="session7.DependsonMethods_cw" name="test1" time="0.002"/>
  <system-out/>
  <testcase classname="session7.DependsonMethods_cw" name="test3" time="0.001"/>
  <system-out/>
  <testcase classname="session7.DependsonMethods_cw" name="test4">
    <skipped/>
  </testcase> <!-- test4 -->
  <system-out/>
</testsuite> <!-- session7.DependsonMethods_cw -->
