<?xml version="1.0" encoding="UTF-8"?>
<!-- Generated by org.testng.reporters.JUnitReportReporter -->
<testsuite hostname="CBIT01925.local" failures="0" tests="1" name="session9.ReadExcel" time="0.474" errors="0" timestamp="2021-09-09T08:12:56 IST" skipped="0">
  <testcase classname="session9.ReadExcel" name="readExcel" time="0.474"/>
  <system-out/>
</testsuite> <!-- session9.ReadExcel -->
