<?xml version="1.0" encoding="UTF-8"?>
<!-- Generated by org.testng.reporters.JUnitReportReporter -->
<testsuite hostname="CBIT01925.local" failures="0" tests="1" name="session6_wf.TestCase3" time="18.622" errors="0" timestamp="2022-02-21T08:21:06 IST" skipped="0">
  <testcase classname="session6_wf.TestCase3" name="testCase3" time="18.622"/>
  <system-out/>
</testsuite> <!-- session6_wf.TestCase3 -->
