<?xml version="1.0" encoding="UTF-8"?>
<!-- Generated by org.testng.reporters.JUnitReportReporter -->
<testsuite hostname="CBIT01925.local" failures="0" tests="1" name="session9.TestCase2" time="13.655" errors="0" timestamp="2022-02-24T08:23:01 IST" skipped="0">
  <testcase classname="session9.TestCase2" name="testCase2" time="13.655"/>
  <system-out/>
</testsuite> <!-- session9.TestCase2 -->
