<?xml version="1.0" encoding="UTF-8"?>
<!-- Generated by org.testng.reporters.JUnitReportReporter -->
<testsuite hostname="CBIT01925.local" failures="0" tests="2" name="session8_wf.Parameters" time="44.233" errors="0" timestamp="2021-10-31T12:47:05 GMT-04:00" skipped="0">
  <testcase classname="session8_wf.Parameters" name="testCase2" time="24.185"/>
  <system-out/>
  <testcase classname="session8_wf.Parameters" name="testCase1" time="20.048"/>
  <system-out/>
</testsuite> <!-- session8_wf.Parameters -->
