<?xml version="1.0" encoding="UTF-8"?>
<!-- Generated by org.testng.reporters.JUnitReportReporter -->
<testsuite hostname="CBIT01925.local" failures="0" tests="2" name="session8_wf.Grouping_CW" time="5.587" errors="0" timestamp="2022-02-21T07:44:03 IST" skipped="0">
  <testcase classname="session8_wf.Grouping_CW" name="m3" time="3.191"/>
  <system-out/>
  <testcase classname="session8_wf.Grouping_CW" name="m4" time="2.396"/>
  <system-out/>
</testsuite> <!-- session8_wf.Grouping_CW -->
