<?xml version="1.0" encoding="UTF-8"?>
<!-- Generated by org.testng.reporters.JUnitReportReporter -->
<testsuite hostname="CBIT01925.local" failures="0" tests="1" name="session9.TestCase1" time="16.997" errors="0" timestamp="2022-02-25T07:48:31 IST" skipped="0">
  <testcase classname="session9.TestCase1" name="testCase1" time="16.997"/>
  <system-out/>
</testsuite> <!-- session9.TestCase1 -->
