<?xml version="1.0" encoding="UTF-8"?>
<!-- Generated by org.testng.reporters.JUnitReportReporter -->
<testsuite hostname="CBIT01925.local" failures="0" tests="1" name="session6_wf.TestCase1_CW" time="12.431" errors="0" timestamp="2022-02-14T08:35:30 IST" skipped="0">
  <testcase classname="session6_wf.TestCase1_CW" name="testCase1" time="12.431"/>
  <system-out/>
</testsuite> <!-- session6_wf.TestCase1_CW -->
