<?xml version="1.0" encoding="UTF-8"?>
<!-- Generated by org.testng.reporters.JUnitReportReporter -->
<testsuite hostname="CBIT01925.local" failures="0" tests="3" name="session8.DataProviderTestCase1" time="45.080" errors="0" timestamp="2021-09-08T08:10:11 IST" skipped="0">
  <testcase classname="session8.DataProviderTestCase1" name="testCase1" time="14.806"/>
  <system-out/>
  <testcase classname="session8.DataProviderTestCase1" name="testCase1" time="15.806"/>
  <system-out/>
  <testcase classname="session8.DataProviderTestCase1" name="testCase1" time="14.468"/>
  <system-out/>
</testsuite> <!-- session8.DataProviderTestCase1 -->
