<?xml version="1.0" encoding="UTF-8"?>
<!-- Generated by org.testng.reporters.JUnitReportReporter -->
<testsuite hostname="CBIT01925.local" failures="0" tests="1" name="session6_wf.TestCase1" time="16.237" errors="0" timestamp="2022-02-16T08:03:14 IST" skipped="0">
  <testcase classname="session6_wf.TestCase1" name="testCase1" time="16.237"/>
  <system-out/>
</testsuite> <!-- session6_wf.TestCase1 -->
