<?xml version="1.0" encoding="UTF-8"?>
<!-- Generated by org.testng.reporters.JUnitReportReporter -->
<testsuite hostname="CBIT01925.local" failures="0" tests="4" name="session8_wf.TestNGIncExc" time="0.010" errors="0" timestamp="2022-02-21T07:46:33 IST" skipped="0">
  <testcase classname="session8_wf.TestNGIncExc" name="m1" time="0.007"/>
  <system-out/>
  <testcase classname="session8_wf.TestNGIncExc" name="m3" time="0.001"/>
  <system-out/>
  <testcase classname="session8_wf.TestNGIncExc" name="m2" time="0.001"/>
  <system-out/>
  <testcase classname="session8_wf.TestNGIncExc" name="m4" time="0.001"/>
  <system-out/>
</testsuite> <!-- session8_wf.TestNGIncExc -->
