<?xml version="1.0" encoding="UTF-8"?>
<!-- Generated by org.testng.reporters.JUnitReportReporter -->
<testsuite hostname="CBIT01925.local" failures="0" tests="1" name="session8.Parameter_CW" time="9.961" errors="0" timestamp="2021-12-16T07:46:44 IST" skipped="0">
  <testcase classname="session8.Parameter_CW" name="testCase1" time="9.961"/>
  <system-out/>
</testsuite> <!-- session8.Parameter_CW -->
