<?xml version="1.0" encoding="UTF-8"?>
<!-- Generated by org.testng.reporters.JUnitReportReporter -->
<testsuite hostname="CBIT01925.local" failures="0" tests="9" name="session7.AttributesInvocation" time="51.343" errors="0" timestamp="2021-09-07T07:52:03 IST" skipped="0">
  <testcase classname="session7.AttributesInvocation" name="invocationCountThreadpool" time="3.085"/>
  <system-out/>
  <testcase classname="session7.AttributesInvocation" name="invocationCountThreadpool" time="3.116"/>
  <system-out/>
  <testcase classname="session7.AttributesInvocation" name="invocationCountThreadpool" time="2.123"/>
  <system-out/>
  <testcase classname="session7.AttributesInvocation" name="invocationCount" time="5.239"/>
  <system-out/>
  <testcase classname="session7.AttributesInvocation" name="invocationCount" time="3.226"/>
  <system-out/>
  <testcase classname="session7.AttributesInvocation" name="invocationCount" time="12.388"/>
  <system-out/>
  <testcase classname="session7.AttributesInvocation" name="invocationCountTimeouts" time="5.626"/>
  <system-out/>
  <testcase classname="session7.AttributesInvocation" name="invocationCountTimeouts" time="5.077"/>
  <system-out/>
  <testcase classname="session7.AttributesInvocation" name="invocationCountTimeout" time="11.463"/>
  <system-out/>
</testsuite> <!-- session7.AttributesInvocation -->
