<?xml version="1.0" encoding="UTF-8"?>
<!-- Generated by org.testng.reporters.JUnitReportReporter -->
<testsuite hostname="CBIT01925.local" failures="0" tests="2" name="session8_wf.ParallelRun" time="9.710" errors="0" timestamp="2022-02-22T08:22:48 IST" skipped="0">
  <testcase classname="session8_wf.ParallelRun" name="test1" time="3.608"/>
  <system-out/>
  <testcase classname="session8_wf.ParallelRun" name="test2" time="6.102"/>
  <system-out/>
</testsuite> <!-- session8_wf.ParallelRun -->
