<?xml version="1.0" encoding="UTF-8"?>
<!-- Generated by org.testng.reporters.JUnitReportReporter -->
<testsuite hostname="CBIT01925.local" failures="0" tests="1" name="session6.TestCase1" time="17.255" errors="0" timestamp="2021-09-06T07:54:05 IST" skipped="0">
  <testcase classname="session6.TestCase1" name="testCase1" time="17.255"/>
  <system-out/>
</testsuite> <!-- session6.TestCase1 -->
