<?xml version="1.0" encoding="UTF-8"?>
<!-- Generated by org.testng.reporters.JUnitReportReporter -->
<testsuite hostname="CBIT01925.local" failures="0" tests="2" name="session7.Annotations_CW" time="0.006" errors="0" timestamp="2022-02-16T08:33:38 IST" skipped="0">
  <testcase classname="session7.Annotations_CW" name="m6" time="0.001"/>
  <system-out/>
  <testcase classname="session7.Annotations_CW" name="m5" time="0.005"/>
  <system-out/>
</testsuite> <!-- session7.Annotations_CW -->
