<?xml version="1.0" encoding="UTF-8"?>
<!-- Generated by org.testng.reporters.JUnitReportReporter -->
<testsuite hostname="CBIT01925.local" failures="0" tests="1" name="session8_wf.Parameter_CW" time="15.835" errors="0" timestamp="2022-02-21T08:09:44 IST" skipped="0">
  <testcase classname="session8_wf.Parameter_CW" name="testCase1" time="15.835"/>
  <system-out/>
</testsuite> <!-- session8_wf.Parameter_CW -->
