<?xml version="1.0" encoding="UTF-8"?>
<!-- Generated by org.testng.reporters.JUnitReportReporter -->
<testsuite hostname="CBIT01925.local" failures="0" tests="4" name="session7.Priority_cw" time="0.009" errors="0" timestamp="2022-02-17T07:53:42 IST" skipped="0">
  <testcase classname="session7.Priority_cw" name="test3" time="0.007"/>
  <system-out/>
  <testcase classname="session7.Priority_cw" name="test4" time="0.000"/>
  <system-out/>
  <testcase classname="session7.Priority_cw" name="test1" time="0.001"/>
  <system-out/>
  <testcase classname="session7.Priority_cw" name="test2" time="0.001"/>
  <system-out/>
</testsuite> <!-- session7.Priority_cw -->
