<?xml version="1.0" encoding="UTF-8"?>
<!-- Generated by org.testng.reporters.JUnitReportReporter -->
<testsuite hostname="CBIT01925.local" failures="0" tests="6" name="session8.TestNGIncExc" time="0.007" errors="0" timestamp="2021-12-11T08:03:58 IST" skipped="0">
  <testcase classname="session8.TestNGIncExc" name="m2" time="0.002"/>
  <system-out/>
  <testcase classname="session8.TestNGIncExc" name="m1" time="0.001"/>
  <system-out/>
  <testcase classname="session8.TestNGIncExc" name="m5" time="0.001"/>
  <system-out/>
  <testcase classname="session8.TestNGIncExc" name="m4" time="0.001"/>
  <system-out/>
  <testcase classname="session8.TestNGIncExc" name="m3" time="0.001"/>
  <system-out/>
  <testcase classname="session8.TestNGIncExc" name="m6" time="0.001"/>
  <system-out/>
</testsuite> <!-- session8.TestNGIncExc -->
