<?xml version="1.0" encoding="UTF-8"?>
<!-- Generated by org.testng.reporters.JUnitReportReporter -->
<testsuite hostname="CBIT01925.local" failures="0" tests="2" name="session7.Annotations" time="0.010" errors="0" timestamp="2021-09-07T07:38:18 IST" skipped="0">
  <testcase classname="session7.Annotations" name="test" time="0.008"/>
  <system-out/>
  <testcase classname="session7.Annotations" name="test1" time="0.002"/>
  <system-out/>
</testsuite> <!-- session7.Annotations -->
