<?xml version="1.0" encoding="UTF-8"?>
<!-- Generated by org.testng.reporters.JUnitReportReporter -->
<testsuite hostname="CBIT01925.local" failures="0" tests="1" name="session4.SnapShot" time="4.933" errors="0" timestamp="2021-09-03T07:27:52 IST" skipped="0">
  <testcase classname="session4.SnapShot" name="snap" time="4.933"/>
  <system-out/>
</testsuite> <!-- session4.SnapShot -->
