<?xml version="1.0" encoding="UTF-8"?>
<!-- Generated by org.testng.reporters.JUnitReportReporter -->
<testsuite hostname="CBIT01925.local" failures="0" tests="1" name="session5.RunTimeException" time="3.976" errors="0" timestamp="2021-09-03T08:12:41 IST" skipped="0">
  <testcase classname="session5.RunTimeException" name="runTimeException" time="3.976"/>
  <system-out/>
</testsuite> <!-- session5.RunTimeException -->
