<?xml version="1.0" encoding="UTF-8"?>
<!-- Generated by org.testng.reporters.JUnitReportReporter -->
<testsuite hostname="CBIT01925.local" failures="0" tests="6" name="session8_wf.TestNGGroupingDependency" time="5.254" errors="1" timestamp="2022-02-21T07:56:16 IST" skipped="4">
  <testcase classname="session8_wf.TestNGGroupingDependency" name="m3" time="0.000">
    <skipped/>
  </testcase> <!-- m3 -->
  <system-out/>
  <testcase classname="session8_wf.TestNGGroupingDependency" name="m5" time="0.000">
    <skipped/>
  </testcase> <!-- m5 -->
  <system-out/>
  <testcase classname="session8_wf.TestNGGroupingDependency" name="m1" time="2.829">
    <error type="java.lang.RuntimeException">
      <![CDATA[java.lang.RuntimeException
at session8_wf.TestNGGroupingDependency.m1(TestNGGroupingDependency.java:16)
at java.base/jdk.internal.reflect.NativeMethodAccessorImpl.invoke0(Native Method)
at java.base/jdk.internal.reflect.NativeMethodAccessorImpl.invoke(NativeMethodAccessorImpl.java:64)
at java.base/jdk.internal.reflect.DelegatingMethodAccessorImpl.invoke(DelegatingMethodAccessorImpl.java:43)
at java.base/java.lang.reflect.Method.invoke(Method.java:564)
at org.testng.internal.MethodInvocationHelper.invokeMethod(MethodInvocationHelper.java:133)
at org.testng.internal.TestInvoker.invokeMethod(TestInvoker.java:598)
at org.testng.internal.TestInvoker.invokeTestMethod(TestInvoker.java:173)
at org.testng.internal.MethodRunner.runInSequence(MethodRunner.java:46)
at org.testng.internal.TestInvoker$MethodInvocationAgent.invoke(TestInvoker.java:824)
at org.testng.internal.TestInvoker.invokeTestMethods(TestInvoker.java:146)
at org.testng.internal.TestMethodWorker.invokeTestMethods(TestMethodWorker.java:146)
at org.testng.internal.TestMethodWorker.run(TestMethodWorker.java:128)
at java.base/java.util.ArrayList.forEach(ArrayList.java:1511)
at org.testng.TestRunner.privateRun(TestRunner.java:794)
at org.testng.TestRunner.run(TestRunner.java:596)
at org.testng.SuiteRunner.runTest(SuiteRunner.java:377)
at org.testng.SuiteRunner.runSequentially(SuiteRunner.java:371)
at org.testng.SuiteRunner.privateRun(SuiteRunner.java:332)
at org.testng.SuiteRunner.run(SuiteRunner.java:276)
at org.testng.SuiteRunnerWorker.runSuite(SuiteRunnerWorker.java:53)
at org.testng.SuiteRunnerWorker.run(SuiteRunnerWorker.java:96)
at org.testng.TestNG.runSuitesSequentially(TestNG.java:1212)
at org.testng.TestNG.runSuitesLocally(TestNG.java:1134)
at org.testng.TestNG.runSuites(TestNG.java:1063)
at org.testng.TestNG.run(TestNG.java:1031)
at org.testng.remote.AbstractRemoteTestNG.run(AbstractRemoteTestNG.java:115)
at org.testng.remote.RemoteTestNG.initAndRun(RemoteTestNG.java:251)
at org.testng.remote.RemoteTestNG.main(RemoteTestNG.java:77)
]]>
    </error>
  </testcase> <!-- m1 -->
  <system-out/>
  <testcase classname="session8_wf.TestNGGroupingDependency" name="m4" time="0.000">
    <skipped/>
  </testcase> <!-- m4 -->
  <system-out/>
  <testcase classname="session8_wf.TestNGGroupingDependency" name="m6" time="0.000">
    <skipped/>
  </testcase> <!-- m6 -->
  <system-out/>
  <testcase classname="session8_wf.TestNGGroupingDependency" name="m2" time="2.425"/>
  <system-out/>
</testsuite> <!-- session8_wf.TestNGGroupingDependency -->
